[2020-11-04 20:31:59:1373][restartedMain] INFO  c.q.e.SpringBootInitializer - Starting SpringBootInitializer on DESKTOP-HBCFTBD with PID 2254 (/home/yh/workspace/ess_server/bin/main started by yh in /home/yh/workspace/ess_server)
[2020-11-04 20:31:59:1393][restartedMain] DEBUG c.q.e.SpringBootInitializer - Running with Spring Boot v2.3.2.RELEASE, Spring v5.2.8.RELEASE
[2020-11-04 20:31:59:1396][restartedMain] INFO  c.q.e.SpringBootInitializer - No active profile set, falling back to default profiles: default
[2020-11-04 20:31:59:1566][restartedMain] INFO  o.s.b.d.restart.ChangeableUrls - The Class-Path manifest attribute in /home/yh/.gradle/caches/modules-2/files-2.1/org.glassfish.hk2/hk2/2.6.1/3b971d09e8b3d0a34c7b96cddb920164f99430d4/hk2-2.6.1.jar referenced one or more files that do not exist: file:/home/yh/.gradle/caches/modules-2/files-2.1/org.glassfish.hk2/hk2/2.6.1/3b971d09e8b3d0a34c7b96cddb920164f99430d4/hk2-utils.jar,file:/home/yh/.gradle/caches/modules-2/files-2.1/org.glassfish.hk2/hk2/2.6.1/3b971d09e8b3d0a34c7b96cddb920164f99430d4/jakarta.annotation-api.jar,file:/home/yh/.gradle/caches/modules-2/files-2.1/org.glassfish.hk2/hk2/2.6.1/3b971d09e8b3d0a34c7b96cddb920164f99430d4/jakarta.inject.jar,file:/home/yh/.gradle/caches/modules-2/files-2.1/org.glassfish.hk2/hk2/2.6.1/3b971d09e8b3d0a34c7b96cddb920164f99430d4/hk2-api.jar,file:/home/yh/.gradle/caches/modules-2/files-2.1/org.glassfish.hk2/hk2/2.6.1/3b971d09e8b3d0a34c7b96cddb920164f99430d4/aopalliance-repackaged.jar,file:/home/yh/.gradle/caches/modules-2/files-2.1/org.glassfish.hk2/hk2/2.6.1/3b971d09e8b3d0a34c7b96cddb920164f99430d4/hk2-core.jar,file:/home/yh/.gradle/caches/modules-2/files-2.1/org.glassfish.hk2/hk2/2.6.1/3b971d09e8b3d0a34c7b96cddb920164f99430d4/hk2-locator.jar,file:/home/yh/.gradle/caches/modules-2/files-2.1/org.glassfish.hk2/hk2/2.6.1/3b971d09e8b3d0a34c7b96cddb920164f99430d4/javassist.jar,file:/home/yh/.gradle/caches/modules-2/files-2.1/org.glassfish.hk2/hk2/2.6.1/3b971d09e8b3d0a34c7b96cddb920164f99430d4/hk2-runlevel.jar,file:/home/yh/.gradle/caches/modules-2/files-2.1/org.glassfish.hk2/hk2/2.6.1/3b971d09e8b3d0a34c7b96cddb920164f99430d4/class-model.jar,file:/home/yh/.gradle/caches/modules-2/files-2.1/org.glassfish.hk2/hk2/2.6.1/3b971d09e8b3d0a34c7b96cddb920164f99430d4/asm.jar,file:/home/yh/.gradle/caches/modules-2/files-2.1/org.glassfish.hk2/hk2/2.6.1/3b971d09e8b3d0a34c7b96cddb920164f99430d4/asm-analysis.jar,file:/home/yh/.gradle/caches/modules-2/files-2.1/org.glassfish.hk2/hk2/2.6.1/3b971d09e8b3d0a34c7b96cddb920164f99430d4/asm-commons.jar,file:/home/yh/.gradle/caches/modules-2/files-2.1/org.glassfish.hk2/hk2/2.6.1/3b971d09e8b3d0a34c7b96cddb920164f99430d4/asm-tree.jar,file:/home/yh/.gradle/caches/modules-2/files-2.1/org.glassfish.hk2/hk2/2.6.1/3b971d09e8b3d0a34c7b96cddb920164f99430d4/asm-util.jar
[2020-11-04 20:31:59:1567][restartedMain] INFO  o.s.b.d.e.DevToolsPropertyDefaultsPostProcessor - Devtools property defaults active! Set 'spring.devtools.add-properties' to 'false' to disable
[2020-11-04 20:31:59:1567][restartedMain] INFO  o.s.b.d.e.DevToolsPropertyDefaultsPostProcessor - For additional web related logging consider setting the 'logging.level.web' property to 'DEBUG'
[2020-11-04 20:32:00:3083][restartedMain] INFO  o.s.b.w.e.tomcat.TomcatWebServer - Tomcat initialized with port(s): 8080 (http)
[2020-11-04 20:32:00:3100][restartedMain] INFO  o.a.coyote.http11.Http11NioProtocol - Initializing ProtocolHandler ["http-nio-8080"]
[2020-11-04 20:32:00:3100][restartedMain] INFO  o.a.catalina.core.StandardService - Starting service [Tomcat]
[2020-11-04 20:32:00:3100][restartedMain] INFO  o.a.catalina.core.StandardEngine - Starting Servlet engine: [Apache Tomcat/9.0.37]
[2020-11-04 20:32:01:3176][restartedMain] INFO  o.a.c.c.C.[Tomcat].[localhost].[/] - Initializing Spring embedded WebApplicationContext
[2020-11-04 20:32:01:3176][restartedMain] INFO  o.s.b.w.s.c.ServletWebServerApplicationContext - Root WebApplicationContext: initialization completed in 1609 ms
[2020-11-04 20:32:01:3708][restartedMain] INFO  o.s.b.d.a.OptionalLiveReloadServer - LiveReload server is running on port 35729
[2020-11-04 20:32:01:3737][restartedMain] INFO  o.a.coyote.http11.Http11NioProtocol - Starting ProtocolHandler ["http-nio-8080"]
[2020-11-04 20:32:01:3764][restartedMain] INFO  o.s.b.w.e.tomcat.TomcatWebServer - Tomcat started on port(s): 8080 (http) with context path ''
[2020-11-04 20:32:01:3778][restartedMain] INFO  c.q.e.SpringBootInitializer - Started SpringBootInitializer in 3.405 seconds (JVM running for 3.935)
[2020-11-04 20:32:59:62112][http-nio-8080-exec-3] INFO  c.q.ess_server.rest.DataResource - 3 received
[2020-11-04 20:32:59:62114][http-nio-8080-exec-2] INFO  c.q.ess_server.rest.DataResource - 2 received
[2020-11-04 20:32:59:62112][http-nio-8080-exec-1] INFO  c.q.ess_server.rest.DataResource - 1 received
[2020-11-04 20:33:03:65842][http-nio-8080-exec-4] INFO  c.q.ess_server.rest.DataResource - 1 received
[2020-11-04 20:33:03:65847][http-nio-8080-exec-5] INFO  c.q.ess_server.rest.DataResource - 3 received
[2020-11-04 20:33:03:65851][http-nio-8080-exec-6] INFO  c.q.ess_server.rest.DataResource - 2 received
[2020-11-04 20:33:08:70802][http-nio-8080-exec-7] INFO  c.q.ess_server.rest.DataResource - 1 received
[2020-11-04 20:33:08:70802][http-nio-8080-exec-9] INFO  c.q.ess_server.rest.DataResource - 2 received
[2020-11-04 20:33:08:70803][http-nio-8080-exec-8] INFO  c.q.ess_server.rest.DataResource - 3 received
[2020-11-04 20:33:13:75822][http-nio-8080-exec-10] INFO  c.q.ess_server.rest.DataResource - 1 received
[2020-11-04 20:33:13:75824][http-nio-8080-exec-3] INFO  c.q.ess_server.rest.DataResource - 3 received
[2020-11-04 20:33:13:75837][http-nio-8080-exec-2] INFO  c.q.ess_server.rest.DataResource - 2 received
[2020-11-04 20:33:18:80797][http-nio-8080-exec-1] INFO  c.q.ess_server.rest.DataResource - 1 received
[2020-11-04 20:33:18:80797][http-nio-8080-exec-4] INFO  c.q.ess_server.rest.DataResource - 3 received
[2020-11-04 20:33:18:80798][http-nio-8080-exec-5] INFO  c.q.ess_server.rest.DataResource - 2 received
[2020-11-04 20:33:23:85804][http-nio-8080-exec-8] INFO  c.q.ess_server.rest.DataResource - 3 received
[2020-11-04 20:33:23:85805][http-nio-8080-exec-6] INFO  c.q.ess_server.rest.DataResource - 1 received
[2020-11-04 20:33:23:85806][http-nio-8080-exec-7] INFO  c.q.ess_server.rest.DataResource - 2 received
[2020-11-04 20:33:28:90789][http-nio-8080-exec-9] INFO  c.q.ess_server.rest.DataResource - 3 received
[2020-11-04 20:33:28:90793][http-nio-8080-exec-10] INFO  c.q.ess_server.rest.DataResource - 2 received
[2020-11-04 20:33:28:90794][http-nio-8080-exec-3] INFO  c.q.ess_server.rest.DataResource - 1 received
[2020-11-04 20:33:33:95782][http-nio-8080-exec-2] INFO  c.q.ess_server.rest.DataResource - 1 received
[2020-11-04 20:33:33:95782][http-nio-8080-exec-4] INFO  c.q.ess_server.rest.DataResource - 3 received
[2020-11-04 20:33:33:95782][http-nio-8080-exec-1] INFO  c.q.ess_server.rest.DataResource - 2 received
[2020-11-04 20:33:38:100810][http-nio-8080-exec-5] INFO  c.q.ess_server.rest.DataResource - 1 received
[2020-11-04 20:33:38:100812][http-nio-8080-exec-7] INFO  c.q.ess_server.rest.DataResource - 3 received
[2020-11-04 20:33:38:100812][http-nio-8080-exec-8] INFO  c.q.ess_server.rest.DataResource - 2 received
[2020-11-05 08:59:15:957][restartedMain] INFO  c.q.e.SpringBootInitializer - Starting SpringBootInitializer on DESKTOP-DKK23MA with PID 6062 (/home/yh/workspace/MLPE_Simulation/ess_server/bin/main started by yh in /home/yh/workspace/MLPE_Simulation/ess_server)
[2020-11-05 08:59:15:960][restartedMain] DEBUG c.q.e.SpringBootInitializer - Running with Spring Boot v2.3.2.RELEASE, Spring v5.2.8.RELEASE
[2020-11-05 08:59:15:961][restartedMain] INFO  c.q.e.SpringBootInitializer - No active profile set, falling back to default profiles: default
[2020-11-05 08:59:16:1054][restartedMain] INFO  o.s.b.d.restart.ChangeableUrls - The Class-Path manifest attribute in /home/yh/.gradle/caches/modules-2/files-2.1/org.glassfish.hk2/hk2/2.6.1/3b971d09e8b3d0a34c7b96cddb920164f99430d4/hk2-2.6.1.jar referenced one or more files that do not exist: file:/home/yh/.gradle/caches/modules-2/files-2.1/org.glassfish.hk2/hk2/2.6.1/3b971d09e8b3d0a34c7b96cddb920164f99430d4/hk2-utils.jar,file:/home/yh/.gradle/caches/modules-2/files-2.1/org.glassfish.hk2/hk2/2.6.1/3b971d09e8b3d0a34c7b96cddb920164f99430d4/jakarta.annotation-api.jar,file:/home/yh/.gradle/caches/modules-2/files-2.1/org.glassfish.hk2/hk2/2.6.1/3b971d09e8b3d0a34c7b96cddb920164f99430d4/jakarta.inject.jar,file:/home/yh/.gradle/caches/modules-2/files-2.1/org.glassfish.hk2/hk2/2.6.1/3b971d09e8b3d0a34c7b96cddb920164f99430d4/hk2-api.jar,file:/home/yh/.gradle/caches/modules-2/files-2.1/org.glassfish.hk2/hk2/2.6.1/3b971d09e8b3d0a34c7b96cddb920164f99430d4/aopalliance-repackaged.jar,file:/home/yh/.gradle/caches/modules-2/files-2.1/org.glassfish.hk2/hk2/2.6.1/3b971d09e8b3d0a34c7b96cddb920164f99430d4/hk2-core.jar,file:/home/yh/.gradle/caches/modules-2/files-2.1/org.glassfish.hk2/hk2/2.6.1/3b971d09e8b3d0a34c7b96cddb920164f99430d4/hk2-locator.jar,file:/home/yh/.gradle/caches/modules-2/files-2.1/org.glassfish.hk2/hk2/2.6.1/3b971d09e8b3d0a34c7b96cddb920164f99430d4/javassist.jar,file:/home/yh/.gradle/caches/modules-2/files-2.1/org.glassfish.hk2/hk2/2.6.1/3b971d09e8b3d0a34c7b96cddb920164f99430d4/hk2-runlevel.jar,file:/home/yh/.gradle/caches/modules-2/files-2.1/org.glassfish.hk2/hk2/2.6.1/3b971d09e8b3d0a34c7b96cddb920164f99430d4/class-model.jar,file:/home/yh/.gradle/caches/modules-2/files-2.1/org.glassfish.hk2/hk2/2.6.1/3b971d09e8b3d0a34c7b96cddb920164f99430d4/asm.jar,file:/home/yh/.gradle/caches/modules-2/files-2.1/org.glassfish.hk2/hk2/2.6.1/3b971d09e8b3d0a34c7b96cddb920164f99430d4/asm-analysis.jar,file:/home/yh/.gradle/caches/modules-2/files-2.1/org.glassfish.hk2/hk2/2.6.1/3b971d09e8b3d0a34c7b96cddb920164f99430d4/asm-commons.jar,file:/home/yh/.gradle/caches/modules-2/files-2.1/org.glassfish.hk2/hk2/2.6.1/3b971d09e8b3d0a34c7b96cddb920164f99430d4/asm-tree.jar,file:/home/yh/.gradle/caches/modules-2/files-2.1/org.glassfish.hk2/hk2/2.6.1/3b971d09e8b3d0a34c7b96cddb920164f99430d4/asm-util.jar
[2020-11-05 08:59:16:1055][restartedMain] INFO  o.s.b.d.e.DevToolsPropertyDefaultsPostProcessor - Devtools property defaults active! Set 'spring.devtools.add-properties' to 'false' to disable
[2020-11-05 08:59:16:1055][restartedMain] INFO  o.s.b.d.e.DevToolsPropertyDefaultsPostProcessor - For additional web related logging consider setting the 'logging.level.web' property to 'DEBUG'
[2020-11-05 08:59:17:2378][restartedMain] INFO  o.s.b.w.e.tomcat.TomcatWebServer - Tomcat initialized with port(s): 8080 (http)
[2020-11-05 08:59:17:2392][restartedMain] INFO  o.a.coyote.http11.Http11NioProtocol - Initializing ProtocolHandler ["http-nio-8080"]
[2020-11-05 08:59:17:2392][restartedMain] INFO  o.a.catalina.core.StandardService - Starting service [Tomcat]
[2020-11-05 08:59:17:2393][restartedMain] INFO  o.a.catalina.core.StandardEngine - Starting Servlet engine: [Apache Tomcat/9.0.37]
[2020-11-05 08:59:17:2471][restartedMain] INFO  o.a.c.c.C.[Tomcat].[localhost].[/] - Initializing Spring embedded WebApplicationContext
[2020-11-05 08:59:17:2471][restartedMain] INFO  o.s.b.w.s.c.ServletWebServerApplicationContext - Root WebApplicationContext: initialization completed in 1415 ms
[2020-11-05 08:59:18:3083][restartedMain] INFO  o.s.b.d.a.OptionalLiveReloadServer - LiveReload server is running on port 35729
[2020-11-05 08:59:18:3124][restartedMain] INFO  o.a.coyote.http11.Http11NioProtocol - Starting ProtocolHandler ["http-nio-8080"]
[2020-11-05 08:59:18:3149][restartedMain] INFO  o.s.b.w.e.tomcat.TomcatWebServer - Tomcat started on port(s): 8080 (http) with context path ''
[2020-11-05 08:59:18:3168][restartedMain] INFO  c.q.e.SpringBootInitializer - Started SpringBootInitializer in 2.825 seconds (JVM running for 3.812)
